  stdafx.cpp
  ChatMFCApplication.cpp
  ChatMFCApplicationDlg.cpp
c:\users\user\documents\github\study-c\[c++] project\[project] 1 week\chatmfcapplication\chatmfcapplication\chatmfcapplicationdlg.cpp(229): warning C4244: '인수': 'LPARAM'에서 'WORD'(으)로 변환하면서 데이터가 손실될 수 있습니다.
  WinSocket.cpp
c:\users\user\documents\github\study-c\[c++] project\[project] 1 week\chatmfcapplication\chatmfcapplication\winsocket.cpp(59): warning C4996: 'WSAAsyncSelect': Use WSAEventSelect() instead or define _WINSOCK_DEPRECATED_NO_WARNINGS to disable deprecated API warnings
  c:\program files (x86)\windows kits\10\include\10.0.17763.0\um\winsock2.h(2680): note: 'WSAAsyncSelect' 선언을 참조하십시오.
c:\users\user\documents\github\study-c\[c++] project\[project] 1 week\chatmfcapplication\chatmfcapplication\winsocket.cpp(118): warning C4996: 'inet_ntoa': Use inet_ntop() or InetNtop() instead or define _WINSOCK_DEPRECATED_NO_WARNINGS to disable deprecated API warnings
  c:\program files (x86)\windows kits\10\include\10.0.17763.0\um\winsock2.h(1849): note: 'inet_ntoa' 선언을 참조하십시오.
c:\users\user\documents\github\study-c\[c++] project\[project] 1 week\chatmfcapplication\chatmfcapplication\winsocket.cpp(129): warning C4996: 'WSAAsyncSelect': Use WSAEventSelect() instead or define _WINSOCK_DEPRECATED_NO_WARNINGS to disable deprecated API warnings
  c:\program files (x86)\windows kits\10\include\10.0.17763.0\um\winsock2.h(2680): note: 'WSAAsyncSelect' 선언을 참조하십시오.
c:\users\user\documents\github\study-c\[c++] project\[project] 1 week\chatmfcapplication\chatmfcapplication\winsocket.cpp(177): error C2059: 구문 오류: ';'
c:\users\user\documents\github\study-c\[c++] project\[project] 1 week\chatmfcapplication\chatmfcapplication\winsocket.cpp(159): error C2317: 줄 '159'에서 시작하는 'try' 블록에 catch 처리기가 없습니다.
c:\users\user\documents\github\study-c\[c++] project\[project] 1 week\chatmfcapplication\chatmfcapplication\winsocket.cpp(182): error C2059: 구문 오류: 'catch'
c:\users\user\documents\github\study-c\[c++] project\[project] 1 week\chatmfcapplication\chatmfcapplication\winsocket.cpp(182): error C2143: 구문 오류: ';'이(가) '{' 앞에 없습니다.
c:\users\user\documents\github\study-c\[c++] project\[project] 1 week\chatmfcapplication\chatmfcapplication\winsocket.cpp(182): error C2447: '{': 함수 헤더가 없습니다. 이전 스타일의 형식 목록입니까?
c:\users\user\documents\github\study-c\[c++] project\[project] 1 week\chatmfcapplication\chatmfcapplication\winsocket.cpp(186): error C2059: 구문 오류: '}'
c:\users\user\documents\github\study-c\[c++] project\[project] 1 week\chatmfcapplication\chatmfcapplication\winsocket.cpp(186): error C2143: 구문 오류: ';'이(가) '}' 앞에 없습니다.
c:\users\user\documents\github\study-c\[c++] project\[project] 1 week\chatmfcapplication\chatmfcapplication\winsocket.cpp(188): error C2143: 구문 오류: ';'이(가) '{' 앞에 없습니다.
c:\users\user\documents\github\study-c\[c++] project\[project] 1 week\chatmfcapplication\chatmfcapplication\winsocket.cpp(188): error C2447: '{': 함수 헤더가 없습니다. 이전 스타일의 형식 목록입니까?
  코드를 생성하고 있습니다...
