c:\users\user\documents\github\study-c\[c++] project\[project] 1 week\chatmfcapplication\chatmfcapplication\debug\chatmfcapplication.pch
c:\users\user\documents\github\study-c\[c++] project\[project] 1 week\chatmfcapplication\chatmfcapplication\debug\vc141.pdb
c:\users\user\documents\github\study-c\[c++] project\[project] 1 week\chatmfcapplication\chatmfcapplication\debug\vc141.idb
c:\users\user\documents\github\study-c\[c++] project\[project] 1 week\chatmfcapplication\chatmfcapplication\debug\stdafx.obj
c:\users\user\documents\github\study-c\[c++] project\[project] 1 week\chatmfcapplication\chatmfcapplication\debug\chatmfcapplicationdlg.obj
c:\users\user\documents\github\study-c\[c++] project\[project] 1 week\chatmfcapplication\chatmfcapplication\debug\chatmfcapplication.obj
c:\users\user\documents\github\study-c\[c++] project\[project] 1 week\chatmfcapplication\chatmfcapplication\debug\winsocket.obj
c:\users\user\documents\github\study-c\[c++] project\[project] 1 week\chatmfcapplication\chatmfcapplication\debug\chatmfcapplication.res
c:\users\user\documents\github\study-c\[c++] project\[project] 1 week\chatmfcapplication\debug\chatmfcapplication.pdb
c:\users\user\documents\github\study-c\[c++] project\[project] 1 week\chatmfcapplication\debug\chatmfcapplication.exe
c:\users\user\documents\github\study-c\[c++] project\[project] 1 week\chatmfcapplication\debug\chatmfcapplication.ilk
c:\users\user\documents\github\study-c\[c++] project\[project] 1 week\chatmfcapplication\chatmfcapplication\debug\chatmfca.0ca9d79d.tlog\cl.command.1.tlog
c:\users\user\documents\github\study-c\[c++] project\[project] 1 week\chatmfcapplication\chatmfcapplication\debug\chatmfca.0ca9d79d.tlog\cl.read.1.tlog
c:\users\user\documents\github\study-c\[c++] project\[project] 1 week\chatmfcapplication\chatmfcapplication\debug\chatmfca.0ca9d79d.tlog\cl.write.1.tlog
c:\users\user\documents\github\study-c\[c++] project\[project] 1 week\chatmfcapplication\chatmfcapplication\debug\chatmfca.0ca9d79d.tlog\link.command.1.tlog
c:\users\user\documents\github\study-c\[c++] project\[project] 1 week\chatmfcapplication\chatmfcapplication\debug\chatmfca.0ca9d79d.tlog\link.read.1.tlog
c:\users\user\documents\github\study-c\[c++] project\[project] 1 week\chatmfcapplication\chatmfcapplication\debug\chatmfca.0ca9d79d.tlog\link.write.1.tlog
c:\users\user\documents\github\study-c\[c++] project\[project] 1 week\chatmfcapplication\chatmfcapplication\debug\chatmfca.0ca9d79d.tlog\rc.command.1.tlog
c:\users\user\documents\github\study-c\[c++] project\[project] 1 week\chatmfcapplication\chatmfcapplication\debug\chatmfca.0ca9d79d.tlog\rc.read.1.tlog
c:\users\user\documents\github\study-c\[c++] project\[project] 1 week\chatmfcapplication\chatmfcapplication\debug\chatmfca.0ca9d79d.tlog\rc.write.1.tlog
