c:\users\user\documents\github\study-c\[c++] project\[project] 1 week\chatmfcapplication\release\chatmfcapplication.ipdb
c:\users\user\documents\github\study-c\[c++] project\[project] 1 week\chatmfcapplication\release\chatmfcapplication.iobj
c:\users\user\documents\github\study-c\[c++] project\[project] 1 week\chatmfcapplication\chatmfcapplication\release\vc141.pdb
c:\users\user\documents\github\study-c\[c++] project\[project] 1 week\chatmfcapplication\chatmfcapplication\release\winsocket.obj
c:\users\user\documents\github\study-c\[c++] project\[project] 1 week\chatmfcapplication\chatmfcapplication\release\chatmfcapplicationdlg.obj
c:\users\user\documents\github\study-c\[c++] project\[project] 1 week\chatmfcapplication\chatmfcapplication\release\winserial.obj
c:\users\user\documents\github\study-c\[c++] project\[project] 1 week\chatmfcapplication\chatmfcapplication\release\chatmfcapplication.obj
c:\users\user\documents\github\study-c\[c++] project\[project] 1 week\chatmfcapplication\chatmfcapplication\release\chatmfcapplication.pch
c:\users\user\documents\github\study-c\[c++] project\[project] 1 week\chatmfcapplication\chatmfcapplication\release\stdafx.obj
c:\users\user\documents\github\study-c\[c++] project\[project] 1 week\chatmfcapplication\release\chatmfcapplication.exe
c:\users\user\documents\github\study-c\[c++] project\[project] 1 week\chatmfcapplication\release\chatmfcapplication.pdb
c:\users\user\documents\github\study-c\[c++] project\[project] 1 week\chatmfcapplication\chatmfcapplication\release\chatmfcapplication.res
c:\users\user\documents\github\study-c\[c++] project\[project] 1 week\chatmfcapplication\chatmfcapplication\release\chatmfca.0ca9d79d.tlog\chatmfcapplication.write.1u.tlog
c:\users\user\documents\github\study-c\[c++] project\[project] 1 week\chatmfcapplication\chatmfcapplication\release\chatmfca.0ca9d79d.tlog\cl.command.1.tlog
c:\users\user\documents\github\study-c\[c++] project\[project] 1 week\chatmfcapplication\chatmfcapplication\release\chatmfca.0ca9d79d.tlog\cl.read.1.tlog
c:\users\user\documents\github\study-c\[c++] project\[project] 1 week\chatmfcapplication\chatmfcapplication\release\chatmfca.0ca9d79d.tlog\cl.write.1.tlog
c:\users\user\documents\github\study-c\[c++] project\[project] 1 week\chatmfcapplication\chatmfcapplication\release\chatmfca.0ca9d79d.tlog\link.command.1.tlog
c:\users\user\documents\github\study-c\[c++] project\[project] 1 week\chatmfcapplication\chatmfcapplication\release\chatmfca.0ca9d79d.tlog\link.read.1.tlog
c:\users\user\documents\github\study-c\[c++] project\[project] 1 week\chatmfcapplication\chatmfcapplication\release\chatmfca.0ca9d79d.tlog\link.write.1.tlog
c:\users\user\documents\github\study-c\[c++] project\[project] 1 week\chatmfcapplication\chatmfcapplication\release\chatmfca.0ca9d79d.tlog\rc.command.1.tlog
c:\users\user\documents\github\study-c\[c++] project\[project] 1 week\chatmfcapplication\chatmfcapplication\release\chatmfca.0ca9d79d.tlog\rc.read.1.tlog
c:\users\user\documents\github\study-c\[c++] project\[project] 1 week\chatmfcapplication\chatmfcapplication\release\chatmfca.0ca9d79d.tlog\rc.write.1.tlog
